
> tauri-app@0.1.0 tauri
> tauri android build

        Info ANDROID_HOME not set, trying to locate Android SDK...
        Info Using installed Android SDK: /home/skpawar1305/Android/Sdk
        Info Using installed NDK: /home/skpawar1305/Android/Sdk/ndk/28.2.13676358
        Info Looking up installed tauri packages to check mismatched versions...
     Running beforeBuildCommand `npm run build`

> tauri-app@0.1.0 build
> vite build

vite v6.4.1 building SSR bundle for production...
transforming...
12:14:19 PM [vite-plugin-svelte] src/lib/components/Game.svelte:77:8 `rs` is updated, but is not declared with `$state(...)`. Changing its value will not correctly trigger updates
https://svelte.dev/e/non_reactive_update
75:     }
76: 
77:     let rs: RS = {
                  ^
78:         puck: [TW / 2, TH / 2],
79:         puck_speed: 0,
✓ 197 modules transformed.
rendering chunks...
vite v6.4.1 building for production...
transforming...
12:14:20 PM [vite-plugin-svelte] src/lib/components/Game.svelte:77:8 `rs` is updated, but is not declared with `$state(...)`. Changing its value will not correctly trigger updates
https://svelte.dev/e/non_reactive_update
75:     }
76: 
77:     let rs: RS = {
                  ^
78:         puck: [TW / 2, TH / 2],
79:         puck_speed: 0,
✓ 238 modules transformed.
rendering chunks...
computing gzip size...
.svelte-kit/output/client/_app/version.json                         0.03 kB │ gzip:   0.05 kB
.svelte-kit/output/client/.vite/manifest.json                       3.08 kB │ gzip:   0.60 kB
.svelte-kit/output/client/_app/immutable/assets/2.CFzXjmfX.css      0.30 kB │ gzip:   0.21 kB
.svelte-kit/output/client/_app/immutable/assets/0.1waaIfNU.css     23.09 kB │ gzip:   4.93 kB
.svelte-kit/output/client/_app/immutable/entry/start.r0AT8bWR.js    0.08 kB │ gzip:   0.09 kB
.svelte-kit/output/client/_app/immutable/chunks/s2jBlEnh.js         0.37 kB │ gzip:   0.26 kB
.svelte-kit/output/client/_app/immutable/nodes/0.CD9tCY6e.js        0.45 kB │ gzip:   0.32 kB
.svelte-kit/output/client/_app/immutable/nodes/1.BxBguXoy.js        1.04 kB │ gzip:   0.61 kB
.svelte-kit/output/client/_app/immutable/chunks/DBHiDEsG.js         1.32 kB │ gzip:   0.73 kB
.svelte-kit/output/client/_app/immutable/chunks/DkOqVsyi.js         1.67 kB │ gzip:   0.91 kB
.svelte-kit/output/client/_app/immutable/chunks/QDwoWKFN.js         2.24 kB │ gzip:   0.99 kB
.svelte-kit/output/client/_app/immutable/entry/app.qyUrNqep.js      6.25 kB │ gzip:   2.88 kB
.svelte-kit/output/client/_app/immutable/chunks/BYZoWfq-.js         7.74 kB │ gzip:   3.32 kB
.svelte-kit/output/client/_app/immutable/chunks/BB-XwBqR.js        24.10 kB │ gzip:   9.48 kB
.svelte-kit/output/client/_app/immutable/chunks/CEmP6wRf.js        27.92 kB │ gzip:  10.81 kB
.svelte-kit/output/client/_app/immutable/nodes/2.BEJcLPxi.js      395.04 kB │ gzip: 122.44 kB
✓ built in 1.34s
.svelte-kit/output/server/.vite/manifest.json                           2.89 kB
.svelte-kit/output/server/_app/immutable/assets/_page.CFzXjmfX.css      0.30 kB
.svelte-kit/output/server/_app/immutable/assets/_layout.CTfqBAwz.css   22.97 kB
.svelte-kit/output/server/entries/pages/_layout.ts.js                   0.04 kB
.svelte-kit/output/server/chunks/false.js                               0.05 kB
.svelte-kit/output/server/entries/pages/_layout.svelte.js               0.17 kB
.svelte-kit/output/server/internal.js                                   0.35 kB
.svelte-kit/output/server/chunks/environment.js                         0.62 kB
.svelte-kit/output/server/chunks/utils.js                               1.15 kB
.svelte-kit/output/server/chunks/context.js                             1.18 kB
.svelte-kit/output/server/entries/fallbacks/error.svelte.js             1.36 kB
.svelte-kit/output/server/entries/pages/_page.svelte.js                 3.00 kB
.svelte-kit/output/server/chunks/internal.js                            3.29 kB
.svelte-kit/output/server/chunks/exports.js                             6.95 kB
.svelte-kit/output/server/remote-entry.js                              19.00 kB
.svelte-kit/output/server/chunks/shared.js                             26.42 kB
.svelte-kit/output/server/chunks/root.js                              111.05 kB
.svelte-kit/output/server/index.js                                    123.07 kB
✓ built in 2.64s

Run npm run preview to preview your production build locally.

> Using @sveltejs/adapter-static
  Wrote site to "build"
  ✔ done
[1m[92m   Compiling[0m libc v0.2.182
[1m[92m   Compiling[0m value-bag v1.12.0
[1m[92m   Compiling[0m subtle v2.6.1
[1m[92m   Compiling[0m typenum v1.19.0
[1m[92m   Compiling[0m generic-array v0.14.7
[1m[92m   Compiling[0m cc v1.2.56
[1m[92m   Compiling[0m const-oid v0.9.6
[1m[92m   Compiling[0m displaydoc v0.2.5
[1m[92m   Compiling[0m zeroize v1.8.2
[1m[92m   Compiling[0m once_cell v1.21.3
[1m[92m   Compiling[0m memoffset v0.7.1
[1m[92m   Compiling[0m form_urlencoded v1.2.2
[1m[92m   Compiling[0m bitflags v2.11.0
[1m[92m   Compiling[0m futures-util v0.3.32
[1m[92m   Compiling[0m pem-rfc7468 v0.7.0
[1m[92m   Compiling[0m concurrent-queue v2.5.0
[1m[92m   Compiling[0m num-traits v0.2.19
[1m[92m   Compiling[0m hashbrown v0.16.1
[1m[92m   Compiling[0m opaque-debug v0.3.1
[1m[92m   Compiling[0m minimal-lexical v0.2.1
[1m[92m   Compiling[0m base16ct v0.2.0
[1m[92m   Compiling[0m asn1-rs-derive v0.5.1
[1m[92m   Compiling[0m ptr_meta_derive v0.3.1
[1m[92m   Compiling[0m der v0.7.10
[1m[92m   Compiling[0m event-listener v5.4.1
[1m[92m   Compiling[0m log v0.4.29
[1m[92m   Compiling[0m nom v7.1.3
[1m[92m   Compiling[0m asn1-rs-impl v0.2.0
[1m[92m   Compiling[0m rustix v1.1.4
[1m[92m   Compiling[0m crc-catalog v2.4.0
[1m[92m   Compiling[0m linux-raw-sys v0.12.1
[1m[92m   Compiling[0m crc v3.4.0
[1m[92m   Compiling[0m ptr_meta v0.3.1
[1m[92m   Compiling[0m oid-registry v0.7.1
[1m[92m   Compiling[0m tracing-core v0.1.36
[1m[92m   Compiling[0m jni v0.21.1
[1m[92m   Compiling[0m event-listener-strategy v0.5.4
[1m[92m   Compiling[0m tinystr v0.8.2
[1m[92m   Compiling[0m zerotrie v0.2.3
[1m[92m   Compiling[0m icu_collections v2.1.1
[1m[92m   Compiling[0m rancor v0.1.1
[1m[92m   Compiling[0m icu_locale_core v2.1.1
[1m[92m   Compiling[0m selectors v0.24.0
[1m[92m   Compiling[0m ndk v0.9.0
[1m[92m   Compiling[0m rustls-pki-types v1.14.0
[1m[92m   Compiling[0m curve25519-dalek v4.1.3
[1m[92m   Compiling[0m embed-resource v3.0.6
[1m[92m   Compiling[0m num-integer v0.1.46
[1m[92m   Compiling[0m indexmap v2.13.0
[1m[92m   Compiling[0m block-buffer v0.10.4
[1m[92m   Compiling[0m block-padding v0.3.3
[1m[92m   Compiling[0m getrandom v0.2.17
[1m[92m   Compiling[0m errno v0.3.14
[1m[92m   Compiling[0m parking_lot_core v0.9.12
[1m[92m   Compiling[0m socket2 v0.6.2
[1m[92m   Compiling[0m mio v1.1.1
[1m[92m   Compiling[0m signal-hook-registry v1.4.8
[1m[92m   Compiling[0m rand_core v0.6.4
[1m[92m   Compiling[0m parking_lot v0.12.5
[1m[92m   Compiling[0m getrandom v0.3.4
[1m[92m   Compiling[0m crypto-common v0.1.7
[1m[92m   Compiling[0m tokio v1.49.0
[1m[92m   Compiling[0m icu_provider v2.1.1
[1m[92m   Compiling[0m digest v0.10.7
[1m[92m   Compiling[0m ring v0.17.14
[1m[92m   Compiling[0m rand_core v0.9.5
[1m[92m   Compiling[0m cpufeatures v0.2.17
[1m[92m   Compiling[0m nix v0.26.4
[1m[92m   Compiling[0m inout v0.1.4
[1m[92m   Compiling[0m getrandom v0.4.1
[1m[92m   Compiling[0m universal-hash v0.5.1
[1m[92m   Compiling[0m icu_properties v2.1.2
[1m[92m   Compiling[0m icu_normalizer v2.1.1
[1m[92m   Compiling[0m rand_chacha v0.9.0
[1m[92m   Compiling[0m hmac v0.12.1
[1m[92m   Compiling[0m uuid v1.21.0
[1m[92m   Compiling[0m cipher v0.4.4
[1m[92m   Compiling[0m sha2 v0.10.9
[1m[92m   Compiling[0m rand v0.9.2
[1m[92m   Compiling[0m spki v0.7.3
[1m[92m   Compiling[0m tauri-winres v0.3.5
[1m[92m   Compiling[0m ff v0.13.1
[1m[92m   Compiling[0m group v0.13.0
[1m[92m   Compiling[0m pkcs8 v0.10.2
[1m[92m   Compiling[0m hkdf v0.12.4
[1m[92m   Compiling[0m sec1 v0.7.3
[1m[92m   Compiling[0m rusticata-macros v4.1.0
[1m[92m   Compiling[0m aead v0.5.2
[1m[92m   Compiling[0m string_cache v0.8.9
[1m[92m   Compiling[0m crypto-bigint v0.5.5
[1m[92m   Compiling[0m asn1-rs v0.6.2
[1m[92m   Compiling[0m cfb v0.7.3
[1m[92m   Compiling[0m markup5ever v0.14.1
[1m[92m   Compiling[0m ctr v0.9.2
[1m[92m   Compiling[0m polyval v0.6.2
[1m[92m   Compiling[0m idna_adapter v1.2.1
[1m[92m   Compiling[0m sha1 v0.10.6
[1m[92m   Compiling[0m ghash v0.5.1
[1m[92m   Compiling[0m idna v1.1.0
[1m[92m   Compiling[0m aes v0.8.4
[1m[92m   Compiling[0m rfc6979 v0.4.0
[1m[92m   Compiling[0m signature v2.2.0
[1m[92m   Compiling[0m num-bigint v0.4.6
[1m[92m   Compiling[0m futures-executor v0.3.32
[1m[92m   Compiling[0m url v2.5.8
[1m[92m   Compiling[0m html5ever v0.29.1
[1m[92m   Compiling[0m infer v0.19.0
[1m[92m   Compiling[0m bytecheck_derive v0.8.2
[1m[92m   Compiling[0m elliptic-curve v0.13.8
[1m[92m   Compiling[0m urlpattern v0.3.0
[1m[92m   Compiling[0m schemars v0.8.22
[1m[92m   Compiling[0m async-io v2.6.0
[1m[92m   Compiling[0m simdutf8 v0.1.5
[1m[92m   Compiling[0m async-task v4.7.1
[1m[92m   Compiling[0m ecdsa v0.16.9
[1m[92m   Compiling[0m primeorder v0.13.6
[1m[92m   Compiling[0m futures v0.3.32
[1m[92m   Compiling[0m bytecheck v0.8.2
[1m[92m   Compiling[0m der-parser v9.0.0
[1m[92m   Compiling[0m aes-gcm v0.10.3
[1m[92m   Compiling[0m md-5 v0.10.6
[1m[92m   Compiling[0m kuchikiki v0.8.8-speedreader
[1m[92m   Compiling[0m tracing v0.1.44
[1m[92m   Compiling[0m async-channel v2.5.0
[1m[92m   Compiling[0m tauri-utils v2.8.2
[1m[92m   Compiling[0m piper v0.2.4
[1m[92m   Compiling[0m arc-swap v1.9.0
[1m[92m   Compiling[0m munge_macro v0.4.7
[1m[92m   Compiling[0m substring v1.4.5
[1m[92m   Compiling[0m rustls v0.21.12
[1m[92m   Compiling[0m rustls v0.23.37
[1m[92m   Compiling[0m tao v0.34.5
[1m[92m   Compiling[0m dirs-sys v0.5.0
[1m[92m   Compiling[0m blocking v1.6.2
[1m[92m   Compiling[0m wry v0.54.2
[1m[92m   Compiling[0m rend v0.5.3
[1m[92m   Compiling[0m munge v0.4.7
[1m[92m   Compiling[0m async-executor v1.14.0
[1m[92m   Compiling[0m chacha20 v0.9.1
[1m[92m   Compiling[0m poly1305 v0.8.0
[1m[92m   Compiling[0m socket2 v0.5.10
[1m[92m   Compiling[0m async-lock v3.4.2
[1m[92m   Compiling[0m pem v3.0.6
[1m[92m   Compiling[0m waitgroup v0.1.2
[1m[92m   Compiling[0m yasna v0.5.2
[1m[92m   Compiling[0m polling v3.11.0
[1m[92m   Compiling[0m rkyv_derive v0.8.15
[1m[92m   Compiling[0m base64 v0.21.7
[1m[92m   Compiling[0m event-listener v2.5.3
[1m[92m   Compiling[0m rustls-pemfile v1.0.4
[1m[92m   Compiling[0m async-global-executor v2.4.1
[1m[92m   Compiling[0m async-channel v1.9.0
[1m[92m   Compiling[0m derive_more-impl v2.1.1
[1m[92m   Compiling[0m x25519-dalek v2.0.1
[1m[92m   Compiling[0m chacha20poly1305 v0.10.1
[1m[92m   Compiling[0m dirs v6.0.0
[1m[92m   Compiling[0m p384 v0.13.1
[1m[92m   Compiling[0m p256 v0.13.2
[1m[92m   Compiling[0m ccm v0.5.0
[1m[92m   Compiling[0m cbc v0.1.2
[1m[92m   Compiling[0m webrtc-util v0.17.1
[1m[92m   Compiling[0m tokio-util v0.7.18
[1m[92m   Compiling[0m tower v0.5.3
[1m[92m   Compiling[0m hyper v1.8.1
[1m[92m   Compiling[0m tower-http v0.6.8
[1m[92m   Compiling[0m x509-parser v0.16.0
[1m[92m   Compiling[0m webpki v0.22.4
[1m[92m   Compiling[0m rustls-webpki v0.101.7
[1m[92m   Compiling[0m rustls-webpki v0.103.9
[1m[92m   Compiling[0m sct v0.7.1
[1m[92m   Compiling[0m webpki-roots v0.22.6
[1m[92m   Compiling[0m kv-log-macro v1.0.7
[1m[92m   Compiling[0m is-docker v0.2.0
[1m[92m   Compiling[0m hyper-util v0.1.20
[1m[92m   Compiling[0m is-wsl v0.4.0
[1m[92m   Compiling[0m async-std v1.13.2
[1m[92m   Compiling[0m derive_more v2.1.1
[1m[92m   Compiling[0m sdp v0.17.1
[1m[92m   Compiling[0m tungstenite v0.28.0
[1m[92m   Compiling[0m rtp v0.17.1
[1m[92m   Compiling[0m rtcp v0.17.1
[1m[92m   Compiling[0m stun v0.17.1
[1m[92m   Compiling[0m rkyv v0.8.15
[1m[92m   Compiling[0m webrtc-srtp v0.17.1
[1m[92m   Compiling[0m turn v0.17.1
[1m[92m   Compiling[0m reqwest v0.13.2
[1m[92m   Compiling[0m tauri-runtime v2.10.0
[1m[92m   Compiling[0m tauri-runtime-wry v2.10.0
[1m[92m   Compiling[0m webrtc-sctp v0.17.1
[1m[92m   Compiling[0m webrtc-mdns v0.17.1
[1m[92m   Compiling[0m rcgen v0.13.2
[1m[92m   Compiling[0m tauri-build v2.5.5
[1m[92m   Compiling[0m tauri-plugin v2.5.3
[1m[92m   Compiling[0m tauri-codegen v2.5.4
[1m[92m   Compiling[0m async-tls v0.13.0
[1m[92m   Compiling[0m interceptor v0.17.1
[1m[92m   Compiling[0m webrtc-data v0.17.1
[1m[92m   Compiling[0m dtls v0.17.1
[1m[92m   Compiling[0m webrtc-ice v0.17.1
[1m[92m   Compiling[0m webrtc-media v0.17.1
[1m[92m   Compiling[0m smol_str v0.2.2
[1m[92m   Compiling[0m unicase v2.9.0
[1m[92m   Compiling[0m open v5.3.3
[1m[92m   Compiling[0m async-tungstenite v0.32.1
[1m[92m   Compiling[0m matchbox_protocol v0.14.0
[1m[92m   Compiling[0m async-compat v0.2.5
[1m[92m   Compiling[0m rand_chacha v0.3.1
[1m[92m   Compiling[0m socket-pktinfo v0.3.2
[1m[92m   Compiling[0m if-addrs v0.15.0
[1m[92m   Compiling[0m futures-timer v3.0.3
[1m[92m   Compiling[0m mdns-sd v0.18.1
[1m[92m   Compiling[0m rand v0.8.5
[1m[92m   Compiling[0m webrtc v0.17.1
[1m[92m   Compiling[0m tauri v2.10.2
[1m[92m   Compiling[0m tauri-plugin-admob v0.0.4
[1m[92m   Compiling[0m tauri-macros v2.5.4
[1m[92m   Compiling[0m tauri-plugin-opener v2.5.3
[1m[92m   Compiling[0m tauri-app v1.2.0 (/home/skpawar1305/svelte_apps/puck_duel/src-tauri)
[1m[92m   Compiling[0m matchbox_socket v0.14.0
[1m[91merror[E0433][0m[1m: failed to resolve: could not find `Event` in `matchbox_socket`[0m
  [1m[94m--> [0msrc/transport.rs:72:54
   [1m[94m|[0m
[1m[94m72[0m [1m[94m|[0m [1m[94m...[0m                   matchbox_socket::Event::Packet(packet) => {
   [1m[94m|[0m                                        [1m[91m^^^^^[0m [1m[91mcould not find `Event` in `matchbox_socket`[0m
   [1m[94m|[0m
[1m[96mhelp[0m: consider importing one of these items
   [1m[94m|[0m
[1m[94m 1[0m [92m+ use tauri::Event;[0m
   [1m[94m|[0m
[1m[94m 1[0m [92m+ use tauri::fs::Event;[0m
   [1m[94m|[0m
[1m[96mhelp[0m: if you import `Event`, refer to it directly
   [1m[94m|[0m
[1m[94m72[0m [91m- [0m                                    [91mmatchbox_socket::[0mEvent::Packet(packet) => {
[1m[94m72[0m [92m+ [0m                                    Event::Packet(packet) => {
   [1m[94m|[0m

[1m[91merror[E0433][0m[1m: failed to resolve: could not find `Event` in `matchbox_socket`[0m
  [1m[94m--> [0msrc/transport.rs:77:54
   [1m[94m|[0m
[1m[94m77[0m [1m[94m|[0m [1m[94m...[0m                   matchbox_socket::Event::PeerConnected(id) => {
   [1m[94m|[0m                                        [1m[91m^^^^^[0m [1m[91mcould not find `Event` in `matchbox_socket`[0m
   [1m[94m|[0m
[1m[96mhelp[0m: consider importing one of these items
   [1m[94m|[0m
[1m[94m 1[0m [92m+ use tauri::Event;[0m
   [1m[94m|[0m
[1m[94m 1[0m [92m+ use tauri::fs::Event;[0m
   [1m[94m|[0m
[1m[96mhelp[0m: if you import `Event`, refer to it directly
   [1m[94m|[0m
[1m[94m77[0m [91m- [0m                                    [91mmatchbox_socket::[0mEvent::PeerConnected(id) => {
[1m[94m77[0m [92m+ [0m                                    Event::PeerConnected(id) => {
   [1m[94m|[0m

[1m[91merror[E0433][0m[1m: failed to resolve: could not find `Event` in `matchbox_socket`[0m
  [1m[94m--> [0msrc/transport.rs:81:54
   [1m[94m|[0m
[1m[94m81[0m [1m[94m|[0m [1m[94m...[0m                   matchbox_socket::Event::PeerDisconnected(id) => {
   [1m[94m|[0m                                        [1m[91m^^^^^[0m [1m[91mcould not find `Event` in `matchbox_socket`[0m
   [1m[94m|[0m
[1m[96mhelp[0m: consider importing one of these items
   [1m[94m|[0m
[1m[94m 1[0m [92m+ use tauri::Event;[0m
   [1m[94m|[0m
[1m[94m 1[0m [92m+ use tauri::fs::Event;[0m
   [1m[94m|[0m
[1m[96mhelp[0m: if you import `Event`, refer to it directly
   [1m[94m|[0m
[1m[94m81[0m [91m- [0m                                    [91mmatchbox_socket::[0mEvent::PeerDisconnected(id) => {
[1m[94m81[0m [92m+ [0m                                    Event::PeerDisconnected(id) => {
   [1m[94m|[0m

[1m[33mwarning[0m[1m: unused imports: `Duration` and `timeout`[0m
 [1m[94m--> [0msrc/transport.rs:5:19
  [1m[94m|[0m
[1m[94m5[0m [1m[94m|[0m use tokio::time::{timeout, Duration};
  [1m[94m|[0m                   [1m[33m^^^^^^^[0m  [1m[33m^^^^^^^^[0m
  [1m[94m|[0m
  [1m[94m= [0m[1mnote[0m: `#[warn(unused_imports)]` (part of `#[warn(unused)]`) on by default

[1m[91merror[E0277][0m[1m: `(WebRtcSocket, Pin<Box<dyn Future<Output = Result<(), matchbox_socket::Error>> + Send>>)` is not a future[0m
   [1m[94m--> [0msrc/transport.rs:123:10
    [1m[94m|[0m
[1m[94m123[0m [1m[94m|[0m         .await
    [1m[94m|[0m          [1m[91m^^^^^[0m [1m[91m`(WebRtcSocket, Pin<Box<dyn Future<Output = Result<(), matchbox_socket::Error>> + Send>>)` is not a future[0m
    [1m[94m|[0m
    [1m[94m= [0m[1mhelp[0m: the trait `Future` is not implemented for `(WebRtcSocket, Pin<Box<dyn Future<Output = Result<(), matchbox_socket::Error>> + Send>>)`
    [1m[94m= [0m[1mnote[0m: (WebRtcSocket, Pin<Box<dyn Future<Output = Result<(), matchbox_socket::Error>> + Send>>) must be a future or must implement `IntoFuture` to be awaited
    [1m[94m= [0m[1mnote[0m: required for `(WebRtcSocket, Pin<Box<dyn Future<Output = Result<(), matchbox_socket::Error>> + Send>>)` to implement `IntoFuture`
[1m[96mhelp[0m: remove the `.await`
    [1m[94m|[0m
[1m[94m123[0m [91m- [0m        [91m.await[0m
    [1m[94m|[0m

[1m[91merror[E0282][0m[1m: type annotations needed[0m
   [1m[94m--> [0msrc/transport.rs:121:34
    [1m[94m|[0m
[1m[94m121[0m [1m[94m|[0m       let (socket, message_loop) = WebRtcSocketBuilder::new(&room_url)
    [1m[94m|[0m [1m[91m __________________________________^[0m
[1m[94m122[0m [1m[94m|[0m [1m[91m|[0m         .build()
[1m[94m123[0m [1m[94m|[0m [1m[91m|[0m         .await
    [1m[94m|[0m [1m[91m|______________^[0m [1m[91mcannot infer type[0m

[1m[91merror[E0277][0m[1m: `(WebRtcSocket, Pin<Box<dyn Future<Output = Result<(), matchbox_socket::Error>> + Send>>)` is not a future[0m
   [1m[94m--> [0msrc/transport.rs:157:10
    [1m[94m|[0m
[1m[94m157[0m [1m[94m|[0m         .await
    [1m[94m|[0m          [1m[91m^^^^^[0m [1m[91m`(WebRtcSocket, Pin<Box<dyn Future<Output = Result<(), matchbox_socket::Error>> + Send>>)` is not a future[0m
    [1m[94m|[0m
    [1m[94m= [0m[1mhelp[0m: the trait `Future` is not implemented for `(WebRtcSocket, Pin<Box<dyn Future<Output = Result<(), matchbox_socket::Error>> + Send>>)`
    [1m[94m= [0m[1mnote[0m: (WebRtcSocket, Pin<Box<dyn Future<Output = Result<(), matchbox_socket::Error>> + Send>>) must be a future or must implement `IntoFuture` to be awaited
    [1m[94m= [0m[1mnote[0m: required for `(WebRtcSocket, Pin<Box<dyn Future<Output = Result<(), matchbox_socket::Error>> + Send>>)` to implement `IntoFuture`
[1m[96mhelp[0m: remove the `.await`
    [1m[94m|[0m
[1m[94m157[0m [91m- [0m        [91m.await[0m
    [1m[94m|[0m

[1m[91merror[E0282][0m[1m: type annotations needed[0m
   [1m[94m--> [0msrc/transport.rs:155:34
    [1m[94m|[0m
[1m[94m155[0m [1m[94m|[0m       let (socket, message_loop) = WebRtcSocketBuilder::new(&room_url)
    [1m[94m|[0m [1m[91m __________________________________^[0m
[1m[94m156[0m [1m[94m|[0m [1m[91m|[0m         .build()
[1m[94m157[0m [1m[94m|[0m [1m[91m|[0m         .await
    [1m[94m|[0m [1m[91m|______________^[0m [1m[91mcannot infer type[0m

[1m[91merror[E0599][0m[1m: no method named `is_ok` found for unit type `()` in the current scope[0m
   [1m[94m--> [0msrc/transport.rs:184:45
    [1m[94m|[0m
[1m[94m184[0m [1m[94m|[0m                 channel.send(packet, *peer).is_ok()
    [1m[94m|[0m                                             [1m[91m^^^^^[0m [1m[91mmethod not found in `()`[0m
    [1m[94m|[0m
[1m[92mnote[0m: method `send` modifies its receiver in-place
   [1m[94m--> [0msrc/transport.rs:184:25
    [1m[94m|[0m
[1m[94m184[0m [1m[94m|[0m                 channel.send(packet, *peer).is_ok()
    [1m[94m|[0m                         [1m[92m^^^^[0m [1m[92mthis call modifies `channel` in-place[0m

[1m[91merror[E0616][0m[1m: field `socket` of struct `WebRtcTransportState` is private[0m
   [1m[94m--> [0msrc/game.rs:549:35
    [1m[94m|[0m
[1m[94m549[0m [1m[94m|[0m     let webrtc_socket = transport.socket.clone();
    [1m[94m|[0m                                   [1m[91m^^^^^^[0m [1m[91mprivate field[0m

[1m[91merror[E0616][0m[1m: field `peer_id` of struct `WebRtcTransportState` is private[0m
   [1m[94m--> [0msrc/game.rs:550:36
    [1m[94m|[0m
[1m[94m550[0m [1m[94m|[0m     let webrtc_peer_id = transport.peer_id.clone();
    [1m[94m|[0m                                    [1m[91m^^^^^^^[0m [1m[91mprivate field[0m

[1m[91merror[E0282][0m[1m: type annotations needed[0m
   [1m[94m--> [0msrc/game.rs:600:25
    [1m[94m|[0m
[1m[94m600[0m [1m[94m|[0m                     let socket_guard = webrtc_socket.lock().await;
    [1m[94m|[0m                         [1m[91m^^^^^^^^^^^^[0m
[1m[94m601[0m [1m[94m|[0m                     let peer_guard = webrtc_peer_id.lock().await;
[1m[94m602[0m [1m[94m|[0m                     if let (Some(socket), Some(peer)) = (socket_guard.as_ref(), peer_guard.as_ref()) {
    [1m[94m|[0m                                                          [1m[94m------------[0m [1m[94mtype must be known at this point[0m
    [1m[94m|[0m
[1m[96mhelp[0m: consider giving `socket_guard` an explicit type
    [1m[94m|[0m
[1m[94m600[0m [1m[94m| [0m                    let socket_guard[92m: /* Type */[0m = webrtc_socket.lock().await;
    [1m[94m|[0m                                     [92m++++++++++++[0m

[1m[91merror[E0282][0m[1m: type annotations needed[0m
   [1m[94m--> [0msrc/game.rs:601:25
    [1m[94m|[0m
[1m[94m601[0m [1m[94m|[0m                     let peer_guard = webrtc_peer_id.lock().await;
    [1m[94m|[0m                         [1m[91m^^^^^^^^^^[0m
[1m[94m602[0m [1m[94m|[0m                     if let (Some(socket), Some(peer)) = (socket_guard.as_ref(), peer_guard.as_ref()) {
    [1m[94m|[0m                                                                                 [1m[94m----------[0m [1m[94mtype must be known at this point[0m
    [1m[94m|[0m
[1m[96mhelp[0m: consider giving `peer_guard` an explicit type
    [1m[94m|[0m
[1m[94m601[0m [1m[94m| [0m                    let peer_guard[92m: /* Type */[0m = webrtc_peer_id.lock().await;
    [1m[94m|[0m                                   [92m++++++++++++[0m

[1m[91merror[E0282][0m[1m: type annotations needed[0m
   [1m[94m--> [0msrc/game.rs:603:46
    [1m[94m|[0m
[1m[94m603[0m [1m[94m|[0m                         if let Ok(channel) = socket.get_channel_mut(0) {
    [1m[94m|[0m                                              [1m[91m^^^^^^[0m [1m[91mcannot infer type[0m

[1m[91merror[E0282][0m[1m: type annotations needed[0m
   [1m[94m--> [0msrc/game.rs:605:37
    [1m[94m|[0m
[1m[94m605[0m [1m[94m|[0m [1m[94m...[0m                   let _ = channel.send(packet, *peer);
    [1m[94m|[0m                               [1m[91m^^^^^^^[0m [1m[91mcannot infer type[0m

[1m[91merror[E0599][0m[1m: no method named `next_event` found for mutable reference `&mut WebRtcSocket` in the current scope[0m
  [1m[94m--> [0msrc/transport.rs:69:38
   [1m[94m|[0m
[1m[94m69[0m [1m[94m|[0m                         match socket.next_event().await {
   [1m[94m|[0m                                      [1m[91m^^^^^^^^^^[0m [1m[91mmethod not found in `&mut WebRtcSocket`[0m

[1m[91merror[E0277][0m[1m: async commands that contain references as inputs must return a `Result`[0m
   [1m[94m--> [0msrc/transport.rs:215:73
    [1m[94m|[0m
[1m[94m215[0m [1m[94m|[0m pub async fn get_room_id(transport: State<'_, WebRtcTransportState>) -> Option<String> {
    [1m[94m|[0m                                                                         [1m[91m^^^^^^[0m [1m[91mthe trait `transport::_::AsyncCommandMustReturnResult` is not implemented for `std::option::Option<std::string::String>`[0m
    [1m[94m|[0m
[1m[96mhelp[0m: the trait `transport::_::AsyncCommandMustReturnResult` [1m[35mis[0m implemented for `[1m[35mResult<A, B>[0m`
   [1m[94m--> [0msrc/transport.rs:215:73
    [1m[94m|[0m
[1m[94m215[0m [1m[94m|[0m pub async fn get_room_id(transport: State<'_, WebRtcTransportState>) -> Option<String> {
    [1m[94m|[0m                                                                         [1m[96m^^^^^^[0m
    [1m[94m= [0m[1mnote[0m: required for the cast from `&std::option::Option<std::string::String>` to `&dyn transport::_::AsyncCommandMustReturnResult`

[1m[33mwarning[0m[1m: unused variable: `s`[0m
   [1m[94m--> [0msrc/udp_transport.rs:211:35
    [1m[94m|[0m
[1m[94m211[0m [1m[94m|[0m                         if let Ok(s) = String::from_utf8(buf[..len].to_vec()) {
    [1m[94m|[0m                                   [1m[33m^[0m [1m[33mhelp: if this is intentional, prefix it with an underscore: `_s`[0m
    [1m[94m|[0m
    [1m[94m= [0m[1mnote[0m: `#[warn(unused_variables)]` (part of `#[warn(unused)]`) on by default

[1mSome errors have detailed explanations: E0277, E0282, E0433, E0599, E0616.[0m
[1mFor more information about an error, try `rustc --explain E0277`.[0m
[1m[33mwarning[0m: `tauri-app` (lib) generated 2 warnings
[1m[91merror[0m: could not compile `tauri-app` (lib) due to 16 previous errors; 2 warnings emitted
failed to build Android app: `Failed to run `cargo build`: command ["cargo", "build", "--package", "tauri-app", "--manifest-path", "/home/skpawar1305/svelte_apps/puck_duel/src-tauri/Cargo.toml", "--target", "aarch64-linux-android", "--features", "tauri/custom-protocol", "--lib", "--release"] exited with code 101
       Error failed to build Android app: `Failed to run `cargo build`: command ["cargo", "build", "--package", "tauri-app", "--manifest-path", "/home/skpawar1305/svelte_apps/puck_duel/src-tauri/Cargo.toml", "--target", "aarch64-linux-android", "--features", "tauri/custom-protocol", "--lib", "--release"] exited with code 101
